TN:
SF:js\main.js
FN:7,updateCounter
FN:22,checkDeploymentVersion
FN:34,updateBuildInfo
FN:43,showWelcomeMessage
FN:44,(anonymous_4)
FN:51,initApp
FN:57,(anonymous_6)
FN:58,(anonymous_7)
FNF:8
FNH:0
FNDA:0,updateCounter
FNDA:0,checkDeploymentVersion
FNDA:0,updateBuildInfo
FNDA:0,showWelcomeMessage
FNDA:0,(anonymous_4)
FNDA:0,initApp
FNDA:0,(anonymous_6)
FNDA:0,(anonymous_7)
DA:4,0
DA:8,0
DA:9,0
DA:12,0
DA:13,0
DA:14,0
DA:15,0
DA:16,0
DA:17,0
DA:23,0
DA:24,0
DA:26,0
DA:27,0
DA:30,0
DA:35,0
DA:36,0
DA:44,0
DA:45,0
DA:46,0
DA:52,0
DA:53,0
DA:54,0
DA:57,0
DA:58,0
DA:59,0
DA:60,0
DA:61,0
DA:62,0
DA:63,0
DA:72,0
DA:73,0
DA:74,0
DA:79,0
LF:33
LH:0
BRDA:12,0,0,0
BRDA:12,0,1,0
BRDA:14,1,0,0
BRDA:14,1,1,0
BRDA:16,2,0,0
BRDA:16,2,1,0
BRDA:26,3,0,0
BRDA:26,3,1,0
BRDA:26,4,0,0
BRDA:26,4,1,0
BRDA:36,5,0,0
BRDA:36,5,1,0
BRDA:62,6,0,0
BRDA:62,6,1,0
BRDA:73,7,0,0
BRDA:73,7,1,0
BRF:16
BRH:0
end_of_record
TN:
SF:tests\coverage.test.js
FN:39,(anonymous_0)
FN:61,(anonymous_1)
FN:62,(anonymous_2)
FNF:3
FNH:3
FNDA:2,(anonymous_0)
FNDA:1,(anonymous_1)
FNDA:1,(anonymous_2)
DA:9,1
DA:10,1
DA:11,1
DA:12,1
DA:15,1
DA:31,1
DA:40,2
DA:41,2
DA:46,1
DA:59,1
DA:61,1
DA:62,1
DA:64,1
DA:65,1
DA:66,1
DA:67,1
DA:68,1
DA:71,1
DA:72,1
DA:73,1
DA:74,1
DA:75,1
DA:78,1
LF:23
LH:23
BRF:0
BRH:0
end_of_record
TN:
SF:tests\direct-main.test.js
FN:29,updateCounter
FN:44,checkDeploymentVersion
FN:56,updateBuildInfo
FN:65,showWelcomeMessage
FN:66,(anonymous_4)
FN:73,initApp
FN:79,(anonymous_6)
FN:80,(anonymous_7)
FN:101,(anonymous_8)
FN:102,(anonymous_9)
FN:109,(anonymous_10)
FN:127,(anonymous_11)
FN:142,(anonymous_12)
FN:148,(anonymous_13)
FN:154,(anonymous_14)
FN:192,(anonymous_15)
FNF:16
FNH:16
FNDA:21,updateCounter
FNDA:3,checkDeploymentVersion
FNDA:1,updateBuildInfo
FNDA:1,showWelcomeMessage
FNDA:1,(anonymous_4)
FNDA:1,initApp
FNDA:2,(anonymous_6)
FNDA:1,(anonymous_7)
FNDA:1,(anonymous_8)
FNDA:6,(anonymous_9)
FNDA:1,(anonymous_10)
FNDA:1,(anonymous_11)
FNDA:1,(anonymous_12)
FNDA:1,(anonymous_13)
FNDA:1,(anonymous_14)
FNDA:1,(anonymous_15)
DA:6,1
DA:9,1
DA:23,1
DA:24,1
DA:25,1
DA:26,1
DA:30,21
DA:31,21
DA:34,21
DA:35,1
DA:36,20
DA:37,1
DA:38,19
DA:39,1
DA:45,3
DA:46,3
DA:48,3
DA:49,1
DA:52,3
DA:57,1
DA:58,1
DA:66,1
DA:67,1
DA:68,1
DA:74,1
DA:75,1
DA:76,1
DA:79,1
DA:80,2
DA:81,1
DA:82,1
DA:83,1
DA:84,1
DA:85,1
DA:94,1
DA:95,1
DA:96,1
DA:101,1
DA:102,1
DA:104,6
DA:105,6
DA:106,6
DA:109,1
DA:111,1
DA:112,1
DA:115,4
DA:116,1
DA:119,5
DA:120,1
DA:123,10
DA:124,1
DA:127,1
DA:129,1
DA:130,1
DA:133,1
DA:134,1
DA:137,1
DA:138,1
DA:139,1
DA:142,1
DA:143,1
DA:144,1
DA:145,1
DA:148,1
DA:149,1
DA:150,1
DA:151,1
DA:152,1
DA:154,1
DA:156,1
DA:157,1
DA:158,1
DA:161,1
DA:162,1
DA:163,1
DA:166,1
DA:169,1
DA:170,1
DA:171,1
DA:174,1
DA:175,1
DA:176,1
DA:179,1
DA:180,1
DA:181,1
DA:187,1
DA:188,1
DA:189,1
DA:190,1
DA:192,1
DA:196,1
DA:197,1
DA:200,1
DA:203,1
DA:206,1
LF:95
LH:95
BRDA:34,0,0,1
BRDA:34,0,1,20
BRDA:36,1,0,1
BRDA:36,1,1,19
BRDA:38,2,0,1
BRDA:38,2,1,18
BRDA:48,3,0,1
BRDA:48,3,1,2
BRDA:48,4,0,3
BRDA:48,4,1,2
BRDA:58,5,0,1
BRDA:58,5,1,0
BRDA:84,6,0,1
BRDA:84,6,1,0
BRDA:95,7,0,1
BRDA:95,7,1,0
BRF:16
BRH:13
end_of_record
TN:
SF:tests\setup.js
FN:5,(anonymous_0)
FN:9,(anonymous_1)
FN:13,(anonymous_2)
FN:17,(anonymous_3)
FN:21,(anonymous_4)
FN:42,(anonymous_5)
FN:48,(anonymous_6)
FNF:7
FNH:3
FNDA:4,(anonymous_0)
FNDA:0,(anonymous_1)
FNDA:0,(anonymous_2)
FNDA:0,(anonymous_3)
FNDA:0,(anonymous_4)
FNDA:26,(anonymous_5)
FNDA:26,(anonymous_6)
DA:6,4
DA:10,0
DA:14,0
DA:18,0
DA:22,0
DA:27,4
DA:30,4
DA:33,4
DA:36,4
DA:39,4
DA:42,4
DA:43,26
DA:44,26
DA:48,4
LF:14
LH:10
BRDA:10,0,0,0
BRDA:10,0,1,0
BRF:2
BRH:0
end_of_record
TN:
SF:tests\integration\app.test.js
FN:60,updateCounter
FN:75,checkDeploymentVersion
FN:87,updateBuildInfo
FN:96,showWelcomeMessage
FN:97,(anonymous_4)
FN:104,initApp
FN:110,(anonymous_6)
FN:111,(anonymous_7)
FN:134,(anonymous_8)
FN:134,(anonymous_9)
FN:164,(anonymous_10)
FN:176,(anonymous_11)
FN:192,(anonymous_12)
FN:206,(anonymous_13)
FN:219,(anonymous_14)
FN:220,(anonymous_15)
FN:227,(anonymous_16)
FN:242,(anonymous_17)
FN:261,(anonymous_18)
FN:272,(anonymous_19)
FN:277,(anonymous_20)
FNF:21
FNH:20
FNDA:10,updateCounter
FNDA:9,checkDeploymentVersion
FNDA:8,updateBuildInfo
FNDA:8,showWelcomeMessage
FNDA:5,(anonymous_4)
FNDA:8,initApp
FNDA:32,(anonymous_6)
FNDA:12,(anonymous_7)
FNDA:1,(anonymous_8)
FNDA:4,(anonymous_9)
FNDA:1,(anonymous_10)
FNDA:1,(anonymous_11)
FNDA:1,(anonymous_12)
FNDA:1,(anonymous_13)
FNDA:1,(anonymous_14)
FNDA:4,(anonymous_15)
FNDA:1,(anonymous_16)
FNDA:1,(anonymous_17)
FNDA:1,(anonymous_18)
FNDA:1,(anonymous_19)
FNDA:0,(anonymous_20)
DA:6,1
DA:57,1
DA:61,10
DA:62,10
DA:65,10
DA:66,2
DA:67,8
DA:68,0
DA:69,8
DA:70,0
DA:76,9
DA:77,9
DA:79,9
DA:80,2
DA:83,9
DA:88,8
DA:89,8
DA:97,8
DA:98,5
DA:99,5
DA:105,8
DA:106,8
DA:107,8
DA:110,8
DA:111,32
DA:112,12
DA:113,12
DA:114,12
DA:115,12
DA:116,12
DA:125,8
DA:126,8
DA:127,8
DA:132,1
DA:134,1
DA:136,4
DA:137,4
DA:138,4
DA:141,4
DA:142,4
DA:147,4
DA:148,4
DA:150,4
DA:153,4
DA:156,4
DA:157,4
DA:158,4
DA:161,4
DA:164,1
DA:166,1
DA:169,1
DA:170,1
DA:173,1
DA:176,1
DA:178,1
DA:181,1
DA:182,5
DA:186,1
DA:189,1
DA:192,1
DA:194,1
DA:197,1
DA:200,1
DA:203,1
DA:206,1
DA:208,1
DA:209,1
DA:212,1
DA:219,1
DA:220,1
DA:222,4
DA:223,4
DA:224,4
DA:227,1
DA:229,1
DA:232,1
DA:235,1
DA:236,1
DA:239,1
DA:242,1
DA:244,1
DA:247,1
DA:250,1
DA:251,5
DA:255,1
DA:258,1
DA:261,1
DA:263,1
DA:266,1
DA:269,1
DA:272,1
DA:274,1
DA:277,1
DA:282,1
DA:283,1
DA:286,1
LF:96
LH:94
BRDA:65,0,0,2
BRDA:65,0,1,8
BRDA:67,1,0,0
BRDA:67,1,1,8
BRDA:69,2,0,0
BRDA:69,2,1,8
BRDA:79,3,0,2
BRDA:79,3,1,7
BRDA:79,4,0,9
BRDA:79,4,1,2
BRDA:89,5,0,8
BRDA:89,5,1,0
BRDA:115,6,0,12
BRDA:115,6,1,0
BRDA:126,7,0,8
BRDA:126,7,1,0
BRF:16
BRH:11
end_of_record
TN:
SF:tests\unit\main.test.js
FN:28,updateCounter
FN:43,checkDeploymentVersion
FN:55,updateBuildInfo
FN:64,showWelcomeMessage
FN:65,(anonymous_4)
FN:72,initApp
FN:78,(anonymous_6)
FN:79,(anonymous_7)
FN:102,(anonymous_8)
FN:103,(anonymous_9)
FN:114,(anonymous_10)
FN:144,(anonymous_11)
FN:145,(anonymous_12)
FN:153,(anonymous_13)
FN:164,(anonymous_14)
FN:179,(anonymous_15)
FN:180,(anonymous_16)
FN:191,(anonymous_17)
FN:192,(anonymous_18)
FN:211,(anonymous_19)
FN:212,(anonymous_20)
FN:226,(anonymous_21)
FN:247,(anonymous_22)
FN:248,(anonymous_23)
FN:273,(anonymous_24)
FN:286,(anonymous_25)
FNF:26
FNH:26
FNDA:22,updateCounter
FNDA:6,checkDeploymentVersion
FNDA:4,updateBuildInfo
FNDA:4,showWelcomeMessage
FNDA:1,(anonymous_4)
FNDA:4,initApp
FNDA:12,(anonymous_6)
FNDA:1,(anonymous_7)
FNDA:1,(anonymous_8)
FNDA:1,(anonymous_9)
FNDA:1,(anonymous_10)
FNDA:1,(anonymous_11)
FNDA:1,(anonymous_12)
FNDA:1,(anonymous_13)
FNDA:1,(anonymous_14)
FNDA:1,(anonymous_15)
FNDA:1,(anonymous_16)
FNDA:1,(anonymous_17)
FNDA:1,(anonymous_18)
FNDA:1,(anonymous_19)
FNDA:1,(anonymous_20)
FNDA:1,(anonymous_21)
FNDA:1,(anonymous_22)
FNDA:1,(anonymous_23)
FNDA:1,(anonymous_24)
FNDA:1,(anonymous_25)
DA:6,1
DA:25,1
DA:29,22
DA:30,22
DA:33,22
DA:34,1
DA:35,21
DA:36,1
DA:37,20
DA:38,1
DA:44,6
DA:45,6
DA:47,6
DA:48,1
DA:51,6
DA:56,4
DA:57,4
DA:65,4
DA:66,1
DA:67,1
DA:73,4
DA:74,4
DA:75,4
DA:78,4
DA:79,12
DA:80,1
DA:81,1
DA:82,1
DA:83,1
DA:84,1
DA:93,4
DA:94,4
DA:95,4
DA:100,1
DA:102,1
DA:103,1
DA:105,1
DA:106,1
DA:109,1
DA:112,1
DA:114,1
DA:116,1
DA:117,1
DA:120,1
DA:123,1
DA:124,5
DA:126,1
DA:127,1
DA:130,1
DA:131,5
DA:133,1
DA:134,1
DA:137,1
DA:138,10
DA:140,1
DA:144,1
DA:145,1
DA:147,1
DA:150,1
DA:153,1
DA:155,1
DA:158,1
DA:161,1
DA:164,1
DA:166,1
DA:169,1
DA:172,1
DA:175,1
DA:179,1
DA:180,1
DA:181,1
DA:184,1
DA:187,1
DA:191,1
DA:192,1
DA:194,1
DA:197,1
DA:200,1
DA:203,1
DA:206,1
DA:207,1
DA:211,1
DA:212,1
DA:214,1
DA:217,1
DA:218,1
DA:220,1
DA:223,1
DA:226,1
DA:228,1
DA:231,1
DA:234,1
DA:237,1
DA:240,1
DA:247,1
DA:248,1
DA:250,1
DA:251,1
DA:252,1
DA:255,1
DA:256,1
DA:257,1
DA:260,1
DA:263,1
DA:264,1
DA:265,1
DA:268,1
DA:269,1
DA:270,1
DA:273,1
DA:275,1
DA:276,1
DA:279,1
DA:282,1
DA:285,1
DA:286,1
DA:295,1
DA:296,1
DA:299,1
DA:305,1
DA:308,1
DA:311,1
DA:314,1
LF:123
LH:123
BRDA:33,0,0,1
BRDA:33,0,1,21
BRDA:35,1,0,1
BRDA:35,1,1,20
BRDA:37,2,0,1
BRDA:37,2,1,19
BRDA:47,3,0,1
BRDA:47,3,1,5
BRDA:47,4,0,6
BRDA:47,4,1,2
BRDA:57,5,0,4
BRDA:57,5,1,0
BRDA:83,6,0,1
BRDA:83,6,1,0
BRDA:94,7,0,4
BRDA:94,7,1,0
BRF:16
BRH:13
end_of_record
