TN:
SF:js\main.js
FN:7,updateCounter
FN:22,checkDeploymentVersion
FN:34,updateBuildInfo
FN:43,showWelcomeMessage
FN:44,(anonymous_4)
FN:51,initApp
FN:57,(anonymous_6)
FN:58,(anonymous_7)
FNF:8
FNH:6
FNDA:0,updateCounter
FNDA:1,checkDeploymentVersion
FNDA:1,updateBuildInfo
FNDA:1,showWelcomeMessage
FNDA:1,(anonymous_4)
FNDA:1,initApp
FNDA:4,(anonymous_6)
FNDA:0,(anonymous_7)
DA:4,2
DA:8,0
DA:9,0
DA:12,0
DA:13,0
DA:14,0
DA:15,0
DA:16,0
DA:17,0
DA:23,1
DA:24,1
DA:26,1
DA:27,0
DA:30,1
DA:35,1
DA:36,1
DA:44,1
DA:45,1
DA:46,1
DA:52,1
DA:53,1
DA:54,1
DA:57,1
DA:58,4
DA:59,0
DA:60,0
DA:61,0
DA:62,0
DA:63,0
DA:73,2
LF:30
LH:16
BRDA:12,0,0,0
BRDA:12,0,1,0
BRDA:14,1,0,0
BRDA:14,1,1,0
BRDA:16,2,0,0
BRDA:16,2,1,0
BRDA:26,3,0,0
BRDA:26,3,1,1
BRDA:26,4,0,1
BRDA:26,4,1,0
BRDA:36,5,0,1
BRDA:36,5,1,0
BRDA:62,6,0,0
BRDA:62,6,1,0
BRF:14
BRH:3
end_of_record
